<?xml version="1.0" encoding="UTF-8"?>
<!-- Generated by org.testng.reporters.JUnitXMLReporter -->
<testsuite ignored="0" hostname="sohely-lappy" failures="0" tests="3" name="Default test" time="14.522" errors="0" timestamp="2023-04-03T16:30:00 CDT">
  <testcase classname="test.DuplicateCategoryValueTest" name="duplicateCategoryValueTest" time="4.6"/>
  <testcase classname="test.AddCategoryTest" name="addCategoryTest" time="4.375"/>
  <testcase classname="test.DropdownTest" name="dropDownTest" time="0.389"/>
</testsuite> <!-- Default test -->
