<?xml version="1.0" encoding="UTF-8"?>
<testng-results ignored="0" total="3" passed="3" failed="0" skipped="0">
  <reporter-output>
  </reporter-output>
  <suite started-at="2023-04-03T16:29:45 CDT" name="Default suite" finished-at="2023-04-03T16:30:00 CDT" duration-ms="14522">
    <groups>
    </groups>
    <test started-at="2023-04-03T16:29:45 CDT" name="Default test" finished-at="2023-04-03T16:30:00 CDT" duration-ms="14522">
      <class name="test.DuplicateCategoryValueTest">
        <test-method is-config="true" signature="init()[pri:0, instance:test.DuplicateCategoryValueTest@73700b80]" started-at="2023-04-03T16:29:45 CDT" name="init" finished-at="2023-04-03T16:29:47 CDT" duration-ms="2037" status="PASS">
          <reporter-output>
          </reporter-output>
        </test-method> <!-- init -->
        <test-method signature="duplicateCategoryValueTest()[pri:0, instance:test.DuplicateCategoryValueTest@73700b80]" started-at="2023-04-03T16:29:47 CDT" name="duplicateCategoryValueTest" finished-at="2023-04-03T16:29:52 CDT" duration-ms="4600" status="PASS">
          <reporter-output>
          </reporter-output>
        </test-method> <!-- duplicateCategoryValueTest -->
        <test-method is-config="true" signature="tearDown()[pri:0, instance:test.DuplicateCategoryValueTest@73700b80]" started-at="2023-04-03T16:29:52 CDT" name="tearDown" finished-at="2023-04-03T16:29:52 CDT" duration-ms="162" status="PASS">
          <reporter-output>
          </reporter-output>
        </test-method> <!-- tearDown -->
      </class> <!-- test.DuplicateCategoryValueTest -->
      <class name="test.AddCategoryTest">
        <test-method is-config="true" signature="init()[pri:0, instance:test.AddCategoryTest@49c7b90e]" started-at="2023-04-03T16:29:52 CDT" name="init" finished-at="2023-04-03T16:29:53 CDT" duration-ms="1361" status="PASS">
          <reporter-output>
          </reporter-output>
        </test-method> <!-- init -->
        <test-method signature="addCategoryTest()[pri:0, instance:test.AddCategoryTest@49c7b90e]" started-at="2023-04-03T16:29:53 CDT" name="addCategoryTest" finished-at="2023-04-03T16:29:58 CDT" duration-ms="4375" status="PASS">
          <reporter-output>
          </reporter-output>
        </test-method> <!-- addCategoryTest -->
        <test-method is-config="true" signature="tearDown()[pri:0, instance:test.AddCategoryTest@49c7b90e]" started-at="2023-04-03T16:29:58 CDT" name="tearDown" finished-at="2023-04-03T16:29:58 CDT" duration-ms="180" status="PASS">
          <reporter-output>
          </reporter-output>
        </test-method> <!-- tearDown -->
      </class> <!-- test.AddCategoryTest -->
      <class name="test.DropdownTest">
        <test-method is-config="true" signature="init()[pri:0, instance:test.DropdownTest@10d307f1]" started-at="2023-04-03T16:29:58 CDT" name="init" finished-at="2023-04-03T16:29:59 CDT" duration-ms="1270" status="PASS">
          <reporter-output>
          </reporter-output>
        </test-method> <!-- init -->
        <test-method signature="dropDownTest()[pri:0, instance:test.DropdownTest@10d307f1]" started-at="2023-04-03T16:29:59 CDT" name="dropDownTest" finished-at="2023-04-03T16:30:00 CDT" duration-ms="389" status="PASS">
          <reporter-output>
          </reporter-output>
        </test-method> <!-- dropDownTest -->
        <test-method is-config="true" signature="tearDown()[pri:0, instance:test.DropdownTest@10d307f1]" started-at="2023-04-03T16:30:00 CDT" name="tearDown" finished-at="2023-04-03T16:30:00 CDT" duration-ms="108" status="PASS">
          <reporter-output>
          </reporter-output>
        </test-method> <!-- tearDown -->
      </class> <!-- test.DropdownTest -->
    </test> <!-- Default test -->
  </suite> <!-- Default suite -->
</testng-results>
